[Licensing::Module] Trying to connect to existing licensing client channel...
Built from '6000.3/respin/6000.3.0b4-b9ec4d9f86' branch; Version is '6000.3.0b4 (b7597543b0a4) revision 12015989'; Using compiler version '194234433'; Build Type 'Release'
[Licensing::IpcConnector] Successfully connected to: "LicenseClient-15878" at "2026-02-05T17:18:38.3762652Z"
OS: 'Windows 11  (10.0.26100) 64bit CoreCountrySpecific' Language: 'zh' Physical Memory: 16077 MB
BatchMode: 1, IsHumanControllingUs: 0, StartBugReporterOnCrash: 0, Is64bit: 1
Date: 2026-02-05T17:18:38Z

COMMAND LINE ARGUMENTS:
E:\Unity6\Editor\Unity.exe
-adb2
-batchMode
-noUpm
-name
AssetImportWorker8
-projectPath
E:/Unityhub/project/True RPG
-logFile
Logs/AssetImportWorker8.log
-srvPort
3904
-licensingIpc
LicenseClient-15878
-job-worker-count
15
-background-job-worker-count
8
-gc-helper-count
1
-name
AssetImport
Successfully changed project path to: E:/Unityhub/project/True RPG
E:/Unityhub/project/True RPG
[UnityMemory] Configuration Parameters - Can be set up in boot.config
    "memorysetup-temp-allocator-size-nav-mesh-worker=65536"
    "memorysetup-temp-allocator-size-audio-worker=65536"
    "memorysetup-temp-allocator-size-gfx=262144"
    "memorysetup-allocator-temp-initial-block-size-main=262144"
    "memorysetup-allocator-temp-initial-block-size-worker=262144"
    "memorysetup-temp-allocator-size-background-worker=32768"
    "memorysetup-temp-allocator-size-job-worker=262144"
    "memorysetup-temp-allocator-size-preload-manager=33554432"
    "memorysetup-temp-allocator-size-gi-baking-worker=262144"
    "memorysetup-temp-allocator-size-gi-baking-worker=262144"
    "memorysetup-temp-allocator-size-gi-baking-worker=262144"
    "memorysetup-temp-allocator-size-gi-baking-worker=262144"
    "memorysetup-temp-allocator-size-gi-baking-worker=262144"
    "memorysetup-bucket-allocator-granularity=16"
    "memorysetup-bucket-allocator-bucket-count=8"
    "memorysetup-bucket-allocator-block-size=33554432"
    "memorysetup-bucket-allocator-block-count=8"
    "memorysetup-main-allocator-block-size=16777216"
    "memorysetup-thread-allocator-block-size=16777216"
    "memorysetup-gfx-main-allocator-block-size=16777216"
    "memorysetup-gfx-thread-allocator-block-size=16777216"
    "memorysetup-cache-allocator-block-size=4194304"
    "memorysetup-typetree-allocator-block-size=2097152"
    "memorysetup-profiler-bucket-allocator-granularity=16"
    "memorysetup-profiler-bucket-allocator-bucket-count=8"
    "memorysetup-profiler-bucket-allocator-block-size=33554432"
    "memorysetup-profiler-bucket-allocator-block-count=8"
    "memorysetup-profiler-allocator-block-size=16777216"
    "memorysetup-profiler-editor-allocator-block-size=1048576"
    "memorysetup-temp-allocator-size-main=16777216"
    "memorysetup-job-temp-allocator-block-size=2097152"
    "memorysetup-job-temp-allocator-block-size-background=1048576"
    "memorysetup-job-temp-allocator-reduction-small-platforms=262144"
    "memorysetup-temp-allocator-size-cloud-worker=32768"
Player connection [26564]  Target information:

Player connection [26564]  * "[IP] 192.168.10.243 [Port] 0 [Flags] 2 [Guid] 379557031 [EditorId] 379557031 [Version] 1048832 [Id] WindowsEditor(7,shd的暗影精灵9slim) [Debug] 1 [PackageName] WindowsEditor [ProjectName] Editor" 

Player connection [26564]  * "[IP] 169.254.92.19 [Port] 0 [Flags] 2 [Guid] 379557031 [EditorId] 379557031 [Version] 1048832 [Id] WindowsEditor(7,shd的暗影精灵9slim) [Debug] 1 [PackageName] WindowsEditor [ProjectName] Editor" 

Player connection [26564]  * "[IP] 169.254.220.119 [Port] 0 [Flags] 2 [Guid] 379557031 [EditorId] 379557031 [Version] 1048832 [Id] WindowsEditor(7,shd的暗影精灵9slim) [Debug] 1 [PackageName] WindowsEditor [ProjectName] Editor" 

Player connection [26564] Host joined multi-casting on [225.0.0.222:54997]...
Player connection [26564] Host joined alternative multi-casting on [225.0.0.222:34997]...
JobSystem: Creating JobQueue using job-worker-count value 15
Input System module state changed to: Initialized.
[Physics::Module] Initialized fallback backend.
[Physics::Module] Id: 0xdecafbad
[Licensing::Client] Code 10 while verifying Licensing Client signature (process Id: 34744, path: "E:/Unityhub/Unity Hub/UnityLicensingClient_V1/Unity.Licensing.Client.exe")
[Licensing::Module] LicensingClient has failed validation; ignoring
[Licensing::Client] Error: Unexpected message Type: ApiErrorResponse, expected: HandshakeResponse
Library Redirect Path: Library/
[Physics::Module] Selected backend.
[Physics::Module] Name: PhysX
[Physics::Module] Id: 0xf2b8ea05
[Physics::Module] SDK Version: 4.1.2
[Physics::Module] Integration Version: 1.0.0
[Physics::Module] Threading Mode: Multi-Threaded
Refreshing native plugins compatible for Editor in 4.42 ms, found 5 plugins.
Preloading 1 native plugins for Editor in 1.74 ms.
Initialize engine version: 6000.3.0b4 (b7597543b0a4)
[Subsystems] Discovering subsystems at path E:/Unity6/Editor/Data/Resources/UnitySubsystems
[Subsystems] Discovering subsystems at path E:/Unityhub/project/True RPG/Assets
GfxDevice: creating device client; kGfxThreadingModeNonThreaded
Direct3D:
    Version:  Direct3D 11.0 [level 11.1]
    Renderer: NVIDIA GeForce RTX 4060 Laptop GPU (ID=0x28e0)
    Vendor:   NVIDIA
    VRAM:     7957 MB
    Driver:   32.0.15.8183
Initialize mono
Mono path[0] = 'E:/Unity6/Editor/Data/Managed'
Mono path[1] = 'E:/Unity6/Editor/Data/MonoBleedingEdge/lib/mono/unityjit-win32'
Mono config path = 'E:/Unity6/Editor/Data/MonoBleedingEdge/etc'
Using monoOptions --debugger-agent=transport=dt_socket,embedding=1,server=y,suspend=n,address=127.0.0.1:56648
Begin MonoManager ReloadAssembly
Registering precompiled unity dll's ...
Register platform support module: E:/Unity6/Editor/Data/PlaybackEngines/WindowsStandaloneSupport/UnityEditor.WindowsStandalone.Extensions.dll
Registered in 0.001307 seconds.
- Loaded All Assemblies, in  0.410 seconds
Native extension for WindowsStandalone target not found
Mono: successfully reloaded assembly
Package Manager log level set to [2]
[Package Manager] Failed to launch server process. Reason: Unity was launched with the -noUpm command-line argument
[Package Manager] Unable to send message (not connected to server process).
[Package Manager] Cannot connect to Unity Package Manager local server
[Package Manager] Failed to launch server process. Reason: Unity was launched with the -noUpm command-line argument
[Package Manager] Unable to send message (not connected to server process).
[Package Manager] Cannot connect to Unity Package Manager local server
- Finished resetting the current domain, in  0.453 seconds
Domain Reload Profiling: 861ms
	BeginReloadAssembly (129ms)
		ExecutionOrderSort (0ms)
		DisableScriptedObjects (0ms)
		BackupInstance (0ms)
		ReleaseScriptingObjects (0ms)
		CreateAndSetChildDomain (1ms)
	RebuildCommonClasses (38ms)
	RebuildNativeTypeToScriptingClass (14ms)
	initialDomainReloadingComplete (46ms)
	LoadAllAssembliesAndSetupDomain (181ms)
		LoadAssemblies (126ms)
		RebuildTransferFunctionScriptingTraits (0ms)
		AnalyzeDomain (178ms)
			TypeCache.Refresh (176ms)
				TypeCache.ScanAssembly (162ms)
			BuildScriptInfoCaches (0ms)
			ResolveRequiredComponents (1ms)
	FinalizeReload (453ms)
		ReleaseScriptCaches (0ms)
		RebuildScriptCaches (0ms)
		SetupLoadedEditorAssemblies (407ms)
			LogAssemblyErrors (0ms)
			InitializePlatformSupportModulesInManaged (54ms)
			SetLoadedEditorAssemblies (4ms)
			BeforeProcessingInitializeOnLoad (83ms)
			ProcessInitializeOnLoadAttributes (165ms)
			ProcessInitializeOnLoadMethodAttributes (101ms)
			AfterProcessingInitializeOnLoad (0ms)
			EditorAssembliesLoaded (0ms)
		ExecutionOrderSort2 (0ms)
		AwakeInstancesAfterBackupRestoration (0ms)
Assembly reference Packages/com.unity.cinemachine/Editor/Samples/ExposeHDRPInternals/HDRP-Editor-ref.asmref has no target assembly definition
========================================================================
Worker process is ready to serve import requests
Import Worker Mode flag is 0x00
Assembly reference Packages/com.unity.cinemachine/Editor/Samples/ExposeHDRPInternals/HDRP-Editor-ref.asmref has no target assembly definition
Assembly reference Packages/com.unity.cinemachine/Editor/Samples/ExposeHDRPInternals/HDRP-Editor-ref.asmref has no target assembly definition
Begin MonoManager ReloadAssembly
[Licensing::Module] Licensing is not yet initialized.
[Licensing::Client] Error: Timed-out after 30.00s, waiting for HandshakeResponse
[Licensing::Module] Error: Failed to handshake to channel: "LicenseClient-15878"
[Licensing::IpcConnector] LicenseClient-15878 channel disconnected successfully.
[Licensing::IpcConnector] Successfully connected to: "LicenseClient-15878-6000.3.0" at "2026-02-05T17:19:08.4449759Z"
[Licensing::Client] Code 10 while verifying Licensing Client signature (process Id: 30008, path: "E:/Unity6/Editor/Data/Resources/Licensing/Client/Unity.Licensing.Client.exe")
[Licensing::Module] LicensingClient has failed validation; ignoring
[Licensing::Client] Handshaking with LicensingClient:
  Version:                 1.17.2+ff71f16
  Session Id:              0b020cd43b0f42ffbbe8ade9ec5078f6
  Correlation Id:          51105db4c0b769753b2b01dabe1d3ebc
  External correlation Id: 4375500038728153269
  Machine Id:              3Mps9rkd4e3St6udrxT1fQ3A21E=
[Licensing::Module] Successfully connected to LicensingClient on channel: "LicenseClient-15878-6000.3.0" (connect: 0.00s, validation: 0.00s, handshake: 0.02s)
[Licensing::IpcConnector] Successfully connected to: "LicenseClient-15878-6000.3.0-notifications" at "2026-02-05T17:19:08.4618428Z"
[Licensing::Module] Licensing Background thread has ended after 30.09s
[Licensing::Module] Licensing is initialized (took 28.14s).
[Licensing::Client] Successfully resolved entitlement details
[Licensing::Module] License group:
  Id: F4-P5Y4-XNSM-A95Y-P6H2-XXXX
  Product: Unity Personal
  Type: ULF
  Expiration: 2026-02-16T18:13:58Z
Duplicate assembly 'System.Runtime.CompilerServices.Unsafe.dll' with different versions detected, using 'Packages/com.unity.collections/Unity.Collections.Tests/System.Runtime.CompilerServices.Unsafe/System.Runtime.CompilerServices.Unsafe.dll, AssemblyName=System.Runtime.CompilerServices.Unsafe, Version=6.0.0.0, Culture=neutral, PublicKeyToken=b03f5f7f11d50a3a' and ignoring 'Packages/com.unity.ai.assistant/Plugins/Markdig/Dependencies/System.Runtime.CompilerServices.Unsafe.dll, AssemblyName=System.Runtime.CompilerServices.Unsafe, Version=4.0.6.0, Culture=neutral, PublicKeyToken=b03f5f7f11d50a3a'.Symbol file LoadedFromMemory is not a mono symbol file
Symbol file LoadedFromMemory is not a mono symbol file
- Loaded All Assemblies, in 29.410 seconds
Assembly reference Packages/com.unity.cinemachine/Editor/Samples/ExposeHDRPInternals/HDRP-Editor-ref.asmref has no target assembly definition
'Packages/com.unity.cinemachine/Editor/Obsolete/CinemachineVirtualCameraBaseEditor.cs' contains partial class of Unity.Object, exactly 1 of the partial classes needs to be in a file with the same filename. This is to know the one that can be referenced from ie. GameObjects
'Packages/com.unity.cinemachine/Editor/Editors/CinemachineVirtualCameraBaseEditor.cs' contains partial class of Unity.Object, exactly 1 of the partial classes needs to be in a file with the same filename. This is to know the one that can be referenced from ie. GameObjects
Refreshing native plugins compatible for Editor in 2.42 ms, found 5 plugins.
Native extension for WindowsStandalone target not found
Assembly reference Packages/com.unity.cinemachine/Editor/Samples/ExposeHDRPInternals/HDRP-Editor-ref.asmref has no target assembly definition
[Package Manager] Failed to launch server process. Reason: Unity was launched with the -noUpm command-line argument
[Package Manager] Unable to send message (not connected to server process).
[Package Manager] Cannot connect to Unity Package Manager local server
[Package Manager] Failed to launch server process. Reason: Unity was launched with the -noUpm command-line argument
[Package Manager] Unable to send message (not connected to server process).
[Package Manager] Cannot connect to Unity Package Manager local server
[Package Manager] Failed to launch server process. Reason: Unity was launched with the -noUpm command-line argument
[Package Manager] Unable to send message (not connected to server process).
[Package Manager] Cannot connect to Unity Package Manager local server
Mono: successfully reloaded assembly
[Package Manager] Failed to launch server process. Reason: Unity was launched with the -noUpm command-line argument
[Package Manager] Unable to send message (not connected to server process).
[Package Manager] Cannot connect to Unity Package Manager local server
- Finished resetting the current domain, in  1.163 seconds
Domain Reload Profiling: 30567ms
	BeginReloadAssembly (28356ms)
		ExecutionOrderSort (0ms)
		DisableScriptedObjects (7ms)
		BackupInstance (0ms)
		ReleaseScriptingObjects (0ms)
		CreateAndSetChildDomain (35ms)
	RebuildCommonClasses (48ms)
	RebuildNativeTypeToScriptingClass (23ms)
	initialDomainReloadingComplete (43ms)
	LoadAllAssembliesAndSetupDomain (934ms)
		LoadAssemblies (478ms)
		RebuildTransferFunctionScriptingTraits (0ms)
		AnalyzeDomain (566ms)
			TypeCache.Refresh (459ms)
				TypeCache.ScanAssembly (432ms)
			BuildScriptInfoCaches (88ms)
			ResolveRequiredComponents (12ms)
	FinalizeReload (1164ms)
		ReleaseScriptCaches (0ms)
		RebuildScriptCaches (0ms)
		SetupLoadedEditorAssemblies (1001ms)
			LogAssemblyErrors (0ms)
			InitializePlatformSupportModulesInManaged (2ms)
			SetLoadedEditorAssemblies (6ms)
			BeforeProcessingInitializeOnLoad (190ms)
			ProcessInitializeOnLoadAttributes (542ms)
			ProcessInitializeOnLoadMethodAttributes (258ms)
			AfterProcessingInitializeOnLoad (3ms)
			EditorAssembliesLoaded (0ms)
		ExecutionOrderSort2 (0ms)
		AwakeInstancesAfterBackupRestoration (10ms)
Launched and connected shader compiler UnityShaderCompiler.exe after 0.02 seconds
Refreshing native plugins compatible for Editor in 2.04 ms, found 5 plugins.
Preloading 1 native plugins for Editor in 0.07 ms.
Unloading 59 Unused Serialized files (Serialized files now loaded: 0)
Unloading 9881 unused Assets / (19.1 MB). Loaded Objects now: 10731.
Memory consumption went from 211.0 MB to 191.9 MB.
Total: 13.760000 ms (FindLiveObjects: 0.864500 ms CreateObjectMapping: 0.797700 ms MarkObjects: 7.984800 ms  DeleteObjects: 4.112000 ms)

========================================================================
Received Import Request.
  Time since last request: 14575.849527 seconds.
  path: Assets/Tile Pallette/Environment.prefab
  artifactKey: Guid(79a70a0a09a89ba4b890f470e955b594) Importer(815301076,1909f56bfc062723c751e8b465ee728b)
Start importing Assets/Tile Pallette/Environment.prefab using Guid(79a70a0a09a89ba4b890f470e955b594) Importer(815301076,1909f56bfc062723c751e8b465ee728b) (PreviewImporter) -> (artifact id: 'c03c6d9268bb1ca04b2c2e83f4236716') in 0.4556179 seconds
Number of updated asset objects reloaded before import = 0Number of asset objects unloaded after import = 379

========================================================================
Received Import Request.
  Time since last request: 1.998437 seconds.
  path: Assets/Tile Pallette/Tiles/arch_1_0.asset
  artifactKey: Guid(5b0461f0c1196c142a2168793d4a499b) Importer(815301076,1909f56bfc062723c751e8b465ee728b)
Start importing Assets/Tile Pallette/Tiles/arch_1_0.asset using Guid(5b0461f0c1196c142a2168793d4a499b) Importer(815301076,1909f56bfc062723c751e8b465ee728b) (PreviewImporter) -> (artifact id: 'a8f890518aa6c78c64567df8830dc604') in 0.0217622 seconds
Number of updated asset objects reloaded before import = 0Number of asset objects unloaded after import = 3

========================================================================
Received Import Request.
  Time since last request: 0.000038 seconds.
  path: Assets/Tile Pallette/Tiles/brick_8_0.asset
  artifactKey: Guid(3acb7a41767c0e743ac09f7793a25971) Importer(815301076,1909f56bfc062723c751e8b465ee728b)
Start importing Assets/Tile Pallette/Tiles/brick_8_0.asset using Guid(3acb7a41767c0e743ac09f7793a25971) Importer(815301076,1909f56bfc062723c751e8b465ee728b) (PreviewImporter) -> (artifact id: 'c8263ce3a999a4ac874e03f363d181c3') in 0.0066526 seconds
Number of updated asset objects reloaded before import = 0Number of asset objects unloaded after import = 3

========================================================================
Received Import Request.
  Time since last request: 0.000037 seconds.
  path: Assets/Tile Pallette/Tiles/brick_16_0.asset
  artifactKey: Guid(a07e60541b77e2b49b6b452b0bd80b71) Importer(815301076,1909f56bfc062723c751e8b465ee728b)
Start importing Assets/Tile Pallette/Tiles/brick_16_0.asset using Guid(a07e60541b77e2b49b6b452b0bd80b71) Importer(815301076,1909f56bfc062723c751e8b465ee728b) (PreviewImporter) -> (artifact id: '947fe9f2bc1a9e5852256929dced9c27') in 0.0056496 seconds
Number of updated asset objects reloaded before import = 0Number of asset objects unloaded after import = 3

========================================================================
Received Import Request.
  Time since last request: 0.000033 seconds.
  path: Assets/Tile Pallette/Tiles/ceiling_corner_left_0.asset
  artifactKey: Guid(0c7a35f9469b39b4cae281fc04faa7d4) Importer(815301076,1909f56bfc062723c751e8b465ee728b)
Start importing Assets/Tile Pallette/Tiles/ceiling_corner_left_0.asset using Guid(0c7a35f9469b39b4cae281fc04faa7d4) Importer(815301076,1909f56bfc062723c751e8b465ee728b) (PreviewImporter) -> (artifact id: '4627398d21c59a943c13b9e83eae476b') in 0.0065168 seconds
Number of updated asset objects reloaded before import = 0Number of asset objects unloaded after import = 3

========================================================================
Received Import Request.
  Time since last request: 0.000034 seconds.
  path: Assets/Tile Pallette/Tiles/ceiling_transparent_1_0.asset
  artifactKey: Guid(90696e41cfa095649970b70fcec9b113) Importer(815301076,1909f56bfc062723c751e8b465ee728b)
Start importing Assets/Tile Pallette/Tiles/ceiling_transparent_1_0.asset using Guid(90696e41cfa095649970b70fcec9b113) Importer(815301076,1909f56bfc062723c751e8b465ee728b) (PreviewImporter) -> (artifact id: '4e66f5045403e2742e1d71c39ec3741e') in 0.0096803 seconds
Number of updated asset objects reloaded before import = 0Number of asset objects unloaded after import = 3

========================================================================
Received Import Request.
  Time since last request: 0.000045 seconds.
  path: Assets/Tile Pallette/Tiles/blank_0.asset
  artifactKey: Guid(38ddb24de57396b47b78948d86bee2bd) Importer(815301076,1909f56bfc062723c751e8b465ee728b)
Start importing Assets/Tile Pallette/Tiles/blank_0.asset using Guid(38ddb24de57396b47b78948d86bee2bd) Importer(815301076,1909f56bfc062723c751e8b465ee728b) (PreviewImporter) -> (artifact id: '7f1c0838f4573dd6290192c4c6487cac') in 0.0073056 seconds
Number of updated asset objects reloaded before import = 0Number of asset objects unloaded after import = 3

========================================================================
Received Import Request.
  Time since last request: 0.000043 seconds.
  path: Assets/Tile Pallette/Tiles/ceiling_4_0.asset
  artifactKey: Guid(bd62ad3dd8f8b484e90451aba237e297) Importer(815301076,1909f56bfc062723c751e8b465ee728b)
Start importing Assets/Tile Pallette/Tiles/ceiling_4_0.asset using Guid(bd62ad3dd8f8b484e90451aba237e297) Importer(815301076,1909f56bfc062723c751e8b465ee728b) (PreviewImporter) -> (artifact id: '5a844bffb3a639f649dcb3d607183d45') in 0.0080097 seconds
Number of updated asset objects reloaded before import = 0Number of asset objects unloaded after import = 3

========================================================================
Received Import Request.
  Time since last request: 0.000061 seconds.
  path: Assets/Tile Pallette/Tiles/brick_10_0.asset
  artifactKey: Guid(b9185efdd47fad24aa0463260f68399c) Importer(815301076,1909f56bfc062723c751e8b465ee728b)
Start importing Assets/Tile Pallette/Tiles/brick_10_0.asset using Guid(b9185efdd47fad24aa0463260f68399c) Importer(815301076,1909f56bfc062723c751e8b465ee728b) (PreviewImporter) -> (artifact id: '5b9768ef1c8e5acc755cbf0a87f5605a') in 0.0066075 seconds
Number of updated asset objects reloaded before import = 0Number of asset objects unloaded after import = 3

========================================================================
Received Import Request.
  Time since last request: 0.000032 seconds.
  path: Assets/Tile Pallette/Tiles/arch_5_0.asset
  artifactKey: Guid(d95fa131168b7de41a4f0ca3df910d25) Importer(815301076,1909f56bfc062723c751e8b465ee728b)
Start importing Assets/Tile Pallette/Tiles/arch_5_0.asset using Guid(d95fa131168b7de41a4f0ca3df910d25) Importer(815301076,1909f56bfc062723c751e8b465ee728b) (PreviewImporter) -> (artifact id: 'c9d24a018b23e2b62d4f71f2123632c0') in 0.0089535 seconds
Number of updated asset objects reloaded before import = 0Number of asset objects unloaded after import = 3

========================================================================
Received Import Request.
  Time since last request: 0.000036 seconds.
  path: Assets/Tile Pallette/Tiles/brick_12_0.asset
  artifactKey: Guid(3e3014673d73b9440afd4885032d5b61) Importer(815301076,1909f56bfc062723c751e8b465ee728b)
Start importing Assets/Tile Pallette/Tiles/brick_12_0.asset using Guid(3e3014673d73b9440afd4885032d5b61) Importer(815301076,1909f56bfc062723c751e8b465ee728b) (PreviewImporter) -> (artifact id: 'b82798d55c8a5d1f2a72cc5b16b8f53b') in 0.0073597 seconds
Number of updated asset objects reloaded before import = 0Number of asset objects unloaded after import = 3

========================================================================
Received Import Request.
  Time since last request: 0.000047 seconds.
  path: Assets/Tile Pallette/Tiles/brick_11_0.asset
  artifactKey: Guid(14f509821b246ab45bda7df0251a9858) Importer(815301076,1909f56bfc062723c751e8b465ee728b)
Start importing Assets/Tile Pallette/Tiles/brick_11_0.asset using Guid(14f509821b246ab45bda7df0251a9858) Importer(815301076,1909f56bfc062723c751e8b465ee728b) (PreviewImporter) -> (artifact id: '5e2eb8b72db568a2f9a4081b655d46c6') in 0.0103893 seconds
Number of updated asset objects reloaded before import = 0Number of asset objects unloaded after import = 3

========================================================================
Received Import Request.
  Time since last request: 0.000045 seconds.
  path: Assets/Tile Pallette/Tiles/ceiling_2_0.asset
  artifactKey: Guid(8b35468deccaa5840b73676c93c2bf61) Importer(815301076,1909f56bfc062723c751e8b465ee728b)
Start importing Assets/Tile Pallette/Tiles/ceiling_2_0.asset using Guid(8b35468deccaa5840b73676c93c2bf61) Importer(815301076,1909f56bfc062723c751e8b465ee728b) (PreviewImporter) -> (artifact id: '8bfcd11b14c7775a4656874ae194cfb3') in 0.0090841 seconds
Number of updated asset objects reloaded before import = 0Number of asset objects unloaded after import = 3

========================================================================
Received Import Request.
  Time since last request: 0.000049 seconds.
  path: Assets/Tile Pallette/Tiles/arch_6_0.asset
  artifactKey: Guid(dde1276b2c9a15f489d63291c043b05f) Importer(815301076,1909f56bfc062723c751e8b465ee728b)
Start importing Assets/Tile Pallette/Tiles/arch_6_0.asset using Guid(dde1276b2c9a15f489d63291c043b05f) Importer(815301076,1909f56bfc062723c751e8b465ee728b) (PreviewImporter) -> (artifact id: 'c82143c359ce81398dd0589596f3320e') in 0.0120932 seconds
Number of updated asset objects reloaded before import = 0Number of asset objects unloaded after import = 3

========================================================================
Received Import Request.
  Time since last request: 1.170485 seconds.
  path: Assets/Tile Pallette/Tiles/ceiling_transparent_2_0.asset
  artifactKey: Guid(c0a2a13523745d041aa3736c6eeb655b) Importer(815301076,1909f56bfc062723c751e8b465ee728b)
Start importing Assets/Tile Pallette/Tiles/ceiling_transparent_2_0.asset using Guid(c0a2a13523745d041aa3736c6eeb655b) Importer(815301076,1909f56bfc062723c751e8b465ee728b) (PreviewImporter) -> (artifact id: 'f21bab60a706d992e78a7658cc6da257') in 0.0102249 seconds
Number of updated asset objects reloaded before import = 0Number of asset objects unloaded after import = 3

========================================================================
Received Import Request.
  Time since last request: 0.000050 seconds.
  path: Assets/Tile Pallette/Tiles/column_4_0.asset
  artifactKey: Guid(8fa248c805b4e5f439b32641b1e6d853) Importer(815301076,1909f56bfc062723c751e8b465ee728b)
Start importing Assets/Tile Pallette/Tiles/column_4_0.asset using Guid(8fa248c805b4e5f439b32641b1e6d853) Importer(815301076,1909f56bfc062723c751e8b465ee728b) (PreviewImporter) -> (artifact id: '6fcf72a5be7c5c37b5fdaee046584890') in 0.0092713 seconds
Number of updated asset objects reloaded before import = 0Number of asset objects unloaded after import = 3

========================================================================
Received Import Request.
  Time since last request: 0.000043 seconds.
  path: Assets/Tile Pallette/Tiles/floor_tile_4_0.asset
  artifactKey: Guid(368c4e4e64d988a4b8ac81c16fa600b5) Importer(815301076,1909f56bfc062723c751e8b465ee728b)
Start importing Assets/Tile Pallette/Tiles/floor_tile_4_0.asset using Guid(368c4e4e64d988a4b8ac81c16fa600b5) Importer(815301076,1909f56bfc062723c751e8b465ee728b) (PreviewImporter) -> (artifact id: 'f6f61716035d732848f3c21cd0788bf8') in 0.0099762 seconds
Number of updated asset objects reloaded before import = 0Number of asset objects unloaded after import = 3

========================================================================
Received Import Request.
  Time since last request: 0.000058 seconds.
  path: Assets/Tile Pallette/Tiles/floor_tile_corner_right_0.asset
  artifactKey: Guid(867b51a7f4a0776439bdc899687c6f0d) Importer(815301076,1909f56bfc062723c751e8b465ee728b)
Start importing Assets/Tile Pallette/Tiles/floor_tile_corner_right_0.asset using Guid(867b51a7f4a0776439bdc899687c6f0d) Importer(815301076,1909f56bfc062723c751e8b465ee728b) (PreviewImporter) -> (artifact id: 'd532d074c868fb292b5d099410068f6f') in 0.0093586 seconds
Number of updated asset objects reloaded before import = 0Number of asset objects unloaded after import = 3

========================================================================
Received Import Request.
  Time since last request: 0.000045 seconds.
  path: Assets/Tile Pallette/Tiles/damaged_brick_4_0.asset
  artifactKey: Guid(15d12db2ba3940745aa9c77d60feab9a) Importer(815301076,1909f56bfc062723c751e8b465ee728b)
Start importing Assets/Tile Pallette/Tiles/damaged_brick_4_0.asset using Guid(15d12db2ba3940745aa9c77d60feab9a) Importer(815301076,1909f56bfc062723c751e8b465ee728b) (PreviewImporter) -> (artifact id: '011ce1f7d89e824bae88c966b95b1bf4') in 0.0091879 seconds
Number of updated asset objects reloaded before import = 0Number of asset objects unloaded after import = 3

========================================================================
Received Import Request.
  Time since last request: 0.000036 seconds.
  path: Assets/Tile Pallette/Tiles/floor_tile_carpet_2_0.asset
  artifactKey: Guid(6bdc0b79a29de5942ae7abdf2353cc93) Importer(815301076,1909f56bfc062723c751e8b465ee728b)
Start importing Assets/Tile Pallette/Tiles/floor_tile_carpet_2_0.asset using Guid(6bdc0b79a29de5942ae7abdf2353cc93) Importer(815301076,1909f56bfc062723c751e8b465ee728b) (PreviewImporter) -> (artifact id: 'db1370d1ff7038dbfa74cab0c4caca4b') in 0.0091631 seconds
Number of updated asset objects reloaded before import = 0Number of asset objects unloaded after import = 3

========================================================================
Received Import Request.
  Time since last request: 0.000051 seconds.
  path: Assets/Tile Pallette/Tiles/floor_tile_carpet_4_0.asset
  artifactKey: Guid(1805af5df188ef643941606f9098b6ff) Importer(815301076,1909f56bfc062723c751e8b465ee728b)
Start importing Assets/Tile Pallette/Tiles/floor_tile_carpet_4_0.asset using Guid(1805af5df188ef643941606f9098b6ff) Importer(815301076,1909f56bfc062723c751e8b465ee728b) (PreviewImporter) -> (artifact id: 'e8f13fb0ff33befcfc345bfef242fc54') in 0.0097393 seconds
Number of updated asset objects reloaded before import = 0Number of asset objects unloaded after import = 3

========================================================================
Received Import Request.
  Time since last request: 0.000070 seconds.
  path: Assets/Tile Pallette/Tiles/lion_column_10_0.asset
  artifactKey: Guid(882e252194a711642bf8e2b113be8ffa) Importer(815301076,1909f56bfc062723c751e8b465ee728b)
Start importing Assets/Tile Pallette/Tiles/lion_column_10_0.asset using Guid(882e252194a711642bf8e2b113be8ffa) Importer(815301076,1909f56bfc062723c751e8b465ee728b) (PreviewImporter) -> (artifact id: '3635231e7720b87e6417a55c2901a34c') in 0.009002 seconds
Number of updated asset objects reloaded before import = 0Number of asset objects unloaded after import = 3

========================================================================
Received Import Request.
  Time since last request: 0.000037 seconds.
  path: Assets/Tile Pallette/Tiles/floor_wood_carpet_3_0.asset
  artifactKey: Guid(8ac98a91b2272b64689c3552c3bf3dfa) Importer(815301076,1909f56bfc062723c751e8b465ee728b)
Start importing Assets/Tile Pallette/Tiles/floor_wood_carpet_3_0.asset using Guid(8ac98a91b2272b64689c3552c3bf3dfa) Importer(815301076,1909f56bfc062723c751e8b465ee728b) (PreviewImporter) -> (artifact id: '263bed8a9949d7d684a5e152d9389d66') in 0.0108203 seconds
Number of updated asset objects reloaded before import = 0Number of asset objects unloaded after import = 3

========================================================================
Received Import Request.
  Time since last request: 0.000041 seconds.
  path: Assets/Tile Pallette/Tiles/floor_tile_corner_left_0.asset
  artifactKey: Guid(374de8e054deeea428f44e91d004258d) Importer(815301076,1909f56bfc062723c751e8b465ee728b)
Start importing Assets/Tile Pallette/Tiles/floor_tile_corner_left_0.asset using Guid(374de8e054deeea428f44e91d004258d) Importer(815301076,1909f56bfc062723c751e8b465ee728b) (PreviewImporter) -> (artifact id: '59a725169474544df2ebe31fa8868f8a') in 0.0078406 seconds
Number of updated asset objects reloaded before import = 0Number of asset objects unloaded after import = 3

========================================================================
Received Import Request.
  Time since last request: 0.000043 seconds.
  path: Assets/Tile Pallette/Tiles/damaged_brick_1_0.asset
  artifactKey: Guid(9c5a3735e018dbe4abfc9934ee15ef34) Importer(815301076,1909f56bfc062723c751e8b465ee728b)
Start importing Assets/Tile Pallette/Tiles/damaged_brick_1_0.asset using Guid(9c5a3735e018dbe4abfc9934ee15ef34) Importer(815301076,1909f56bfc062723c751e8b465ee728b) (PreviewImporter) -> (artifact id: '63af1d91c2f44311af20263de258c886') in 0.0088525 seconds
Number of updated asset objects reloaded before import = 0Number of asset objects unloaded after import = 3

========================================================================
Received Import Request.
  Time since last request: 0.000039 seconds.
  path: Assets/Tile Pallette/Tiles/floor_tile_carpet_transition_2_0.asset
  artifactKey: Guid(c87733fb9f7ff1d419b5a4c61b72d86e) Importer(815301076,1909f56bfc062723c751e8b465ee728b)
Start importing Assets/Tile Pallette/Tiles/floor_tile_carpet_transition_2_0.asset using Guid(c87733fb9f7ff1d419b5a4c61b72d86e) Importer(815301076,1909f56bfc062723c751e8b465ee728b) (PreviewImporter) -> (artifact id: '326820085d4efab53e582cb71b75a292') in 0.0089592 seconds
Number of updated asset objects reloaded before import = 0Number of asset objects unloaded after import = 3

========================================================================
Received Import Request.
  Time since last request: 0.000041 seconds.
  path: Assets/Tile Pallette/Tiles/floor_wood_carpet_4_0.asset
  artifactKey: Guid(eb97fb7541e317940b0b1be8145db978) Importer(815301076,1909f56bfc062723c751e8b465ee728b)
Start importing Assets/Tile Pallette/Tiles/floor_wood_carpet_4_0.asset using Guid(eb97fb7541e317940b0b1be8145db978) Importer(815301076,1909f56bfc062723c751e8b465ee728b) (PreviewImporter) -> (artifact id: '997c165ee40fd7e037711974a7434df9') in 0.0069576 seconds
Number of updated asset objects reloaded before import = 0Number of asset objects unloaded after import = 3

========================================================================
Received Import Request.
  Time since last request: 0.000029 seconds.
  path: Assets/Tile Pallette/Tiles/damaged_brick_3_0.asset
  artifactKey: Guid(6367b361ca2015f408fd7c94b1076287) Importer(815301076,1909f56bfc062723c751e8b465ee728b)
Start importing Assets/Tile Pallette/Tiles/damaged_brick_3_0.asset using Guid(6367b361ca2015f408fd7c94b1076287) Importer(815301076,1909f56bfc062723c751e8b465ee728b) (PreviewImporter) -> (artifact id: '0015bd200a71ae84216411c88e99bcf4') in 0.0075903 seconds
Number of updated asset objects reloaded before import = 0Number of asset objects unloaded after import = 3

========================================================================
Received Import Request.
  Time since last request: 0.000028 seconds.
  path: Assets/Tile Pallette/Tiles/floor_tile_carpet_corner_right_0.asset
  artifactKey: Guid(d76b637c4b025ea40a338ba67c0e0a44) Importer(815301076,1909f56bfc062723c751e8b465ee728b)
Start importing Assets/Tile Pallette/Tiles/floor_tile_carpet_corner_right_0.asset using Guid(d76b637c4b025ea40a338ba67c0e0a44) Importer(815301076,1909f56bfc062723c751e8b465ee728b) (PreviewImporter) -> (artifact id: '7280a6c0548631a158febd87b284ffeb') in 0.0052601 seconds
Number of updated asset objects reloaded before import = 0Number of asset objects unloaded after import = 3

========================================================================
Received Import Request.
  Time since last request: 0.000025 seconds.
  path: Assets/Tile Pallette/Tiles/floor_wood_4_0.asset
  artifactKey: Guid(21e7c87687213354cbecdbd28cda686e) Importer(815301076,1909f56bfc062723c751e8b465ee728b)
Start importing Assets/Tile Pallette/Tiles/floor_wood_4_0.asset using Guid(21e7c87687213354cbecdbd28cda686e) Importer(815301076,1909f56bfc062723c751e8b465ee728b) (PreviewImporter) -> (artifact id: '9f2a3b0b041df62e387e2d3eba667d43') in 0.0069203 seconds
Number of updated asset objects reloaded before import = 0Number of asset objects unloaded after import = 3

========================================================================
Received Import Request.
  Time since last request: 0.000037 seconds.
  path: Assets/Tile Pallette/Tiles/spikes_0.asset
  artifactKey: Guid(2ed5f42df08f93c4b8fa993961a46d12) Importer(815301076,1909f56bfc062723c751e8b465ee728b)
Start importing Assets/Tile Pallette/Tiles/spikes_0.asset using Guid(2ed5f42df08f93c4b8fa993961a46d12) Importer(815301076,1909f56bfc062723c751e8b465ee728b) (PreviewImporter) -> (artifact id: '98f1b4edbd27a374e8910d98687fa097') in 0.0079594 seconds
Number of updated asset objects reloaded before import = 0Number of asset objects unloaded after import = 3

========================================================================
Received Import Request.
  Time since last request: 0.000022 seconds.
  path: Assets/Tile Pallette/Tiles/floor_tile_wood_transition_1_0.asset
  artifactKey: Guid(2a95826b19853e14999403ea661890c0) Importer(815301076,1909f56bfc062723c751e8b465ee728b)
Start importing Assets/Tile Pallette/Tiles/floor_tile_wood_transition_1_0.asset using Guid(2a95826b19853e14999403ea661890c0) Importer(815301076,1909f56bfc062723c751e8b465ee728b) (PreviewImporter) -> (artifact id: 'a2ed3f2502425ba38178de0f7e4d6202') in 0.0072866 seconds
Number of updated asset objects reloaded before import = 0Number of asset objects unloaded after import = 3

========================================================================
Received Import Request.
  Time since last request: 0.000041 seconds.
  path: Assets/Tile Pallette/Tiles/lion_column_4_0.asset
  artifactKey: Guid(76c9c9133745a7142a222e69cdff8290) Importer(815301076,1909f56bfc062723c751e8b465ee728b)
Start importing Assets/Tile Pallette/Tiles/lion_column_4_0.asset using Guid(76c9c9133745a7142a222e69cdff8290) Importer(815301076,1909f56bfc062723c751e8b465ee728b) (PreviewImporter) -> (artifact id: '83cf4747066a8f40ce0fc5dd045d90fd') in 0.006594 seconds
Number of updated asset objects reloaded before import = 0Number of asset objects unloaded after import = 3

========================================================================
Received Import Request.
  Time since last request: 0.000044 seconds.
  path: Assets/Tile Pallette/Tiles/floor_wood_carpet_2_0.asset
  artifactKey: Guid(3d48f9237a8c9ce4fa5296e739980806) Importer(815301076,1909f56bfc062723c751e8b465ee728b)
Start importing Assets/Tile Pallette/Tiles/floor_wood_carpet_2_0.asset using Guid(3d48f9237a8c9ce4fa5296e739980806) Importer(815301076,1909f56bfc062723c751e8b465ee728b) (PreviewImporter) -> (artifact id: 'a6d3ab562acd451183b6aad9eeb3b2cd') in 0.0071547 seconds
Number of updated asset objects reloaded before import = 0Number of asset objects unloaded after import = 3

========================================================================
Received Import Request.
  Time since last request: 0.000036 seconds.
  path: Assets/Tile Pallette/Tiles/floor_wood_corner_left_0.asset
  artifactKey: Guid(c629836fe1ea56d4b96d7e0004be58fa) Importer(815301076,1909f56bfc062723c751e8b465ee728b)
Start importing Assets/Tile Pallette/Tiles/floor_wood_corner_left_0.asset using Guid(c629836fe1ea56d4b96d7e0004be58fa) Importer(815301076,1909f56bfc062723c751e8b465ee728b) (PreviewImporter) -> (artifact id: '791c570349d5d911648274ccc72cabd4') in 0.008038 seconds
Number of updated asset objects reloaded before import = 0Number of asset objects unloaded after import = 3

========================================================================
Received Import Request.
  Time since last request: 0.000044 seconds.
  path: Assets/Tile Pallette/Tiles/floor_tile_3_0.asset
  artifactKey: Guid(78b36251e216c1040b2a72a164a93936) Importer(815301076,1909f56bfc062723c751e8b465ee728b)
Start importing Assets/Tile Pallette/Tiles/floor_tile_3_0.asset using Guid(78b36251e216c1040b2a72a164a93936) Importer(815301076,1909f56bfc062723c751e8b465ee728b) (PreviewImporter) -> (artifact id: '021a8852e7a0a3a32f5fc2df62845360') in 0.00807 seconds
Number of updated asset objects reloaded before import = 0Number of asset objects unloaded after import = 3

========================================================================
Received Import Request.
  Time since last request: 0.000038 seconds.
  path: Assets/Tile Pallette/Tiles/lion_column_1_0.asset
  artifactKey: Guid(86ee5ed1a2557da49b461f11d437800e) Importer(815301076,1909f56bfc062723c751e8b465ee728b)
Start importing Assets/Tile Pallette/Tiles/lion_column_1_0.asset using Guid(86ee5ed1a2557da49b461f11d437800e) Importer(815301076,1909f56bfc062723c751e8b465ee728b) (PreviewImporter) -> (artifact id: '019f3f6dbff61e27b858381867d34055') in 0.0086413 seconds
Number of updated asset objects reloaded before import = 0Number of asset objects unloaded after import = 3

========================================================================
Received Import Request.
  Time since last request: 0.000025 seconds.
  path: Assets/Tile Pallette/Tiles/floor_wood_carpet_corner_right_0.asset
  artifactKey: Guid(4a44ff0226e4b9e45a198971fce89e08) Importer(815301076,1909f56bfc062723c751e8b465ee728b)
Start importing Assets/Tile Pallette/Tiles/floor_wood_carpet_corner_right_0.asset using Guid(4a44ff0226e4b9e45a198971fce89e08) Importer(815301076,1909f56bfc062723c751e8b465ee728b) (PreviewImporter) -> (artifact id: 'f77551dc40e630d40a4505e13f6cd7fa') in 0.0078871 seconds
Number of updated asset objects reloaded before import = 0Number of asset objects unloaded after import = 3

========================================================================
Received Import Request.
  Time since last request: 0.000044 seconds.
  path: Assets/Tile Pallette/Tiles/column_2_0.asset
  artifactKey: Guid(6881a3a6bb2ec5344ae946571d2cc77c) Importer(815301076,1909f56bfc062723c751e8b465ee728b)
Start importing Assets/Tile Pallette/Tiles/column_2_0.asset using Guid(6881a3a6bb2ec5344ae946571d2cc77c) Importer(815301076,1909f56bfc062723c751e8b465ee728b) (PreviewImporter) -> (artifact id: '53db7c3483fbf125429450189c3c7523') in 0.0079216 seconds
Number of updated asset objects reloaded before import = 0Number of asset objects unloaded after import = 3

========================================================================
Received Import Request.
  Time since last request: 0.000043 seconds.
  path: Assets/Tile Pallette/Tiles/floor_wood_1_0.asset
  artifactKey: Guid(bcdbdaf7affcc3f4991762ba577bc14f) Importer(815301076,1909f56bfc062723c751e8b465ee728b)
Start importing Assets/Tile Pallette/Tiles/floor_wood_1_0.asset using Guid(bcdbdaf7affcc3f4991762ba577bc14f) Importer(815301076,1909f56bfc062723c751e8b465ee728b) (PreviewImporter) -> (artifact id: '4dadf2c6f4f0dda74f965b6f09b3cab4') in 0.0080481 seconds
Number of updated asset objects reloaded before import = 0Number of asset objects unloaded after import = 3

========================================================================
Received Import Request.
  Time since last request: 0.000037 seconds.
  path: Assets/Tile Pallette/Tiles/floor_wood_corner_right_0.asset
  artifactKey: Guid(f541789ecb5bbaf43964fabdd0e95afc) Importer(815301076,1909f56bfc062723c751e8b465ee728b)
Start importing Assets/Tile Pallette/Tiles/floor_wood_corner_right_0.asset using Guid(f541789ecb5bbaf43964fabdd0e95afc) Importer(815301076,1909f56bfc062723c751e8b465ee728b) (PreviewImporter) -> (artifact id: 'a7307d945fa96508b7c779a8592d069f') in 0.0063205 seconds
Number of updated asset objects reloaded before import = 0Number of asset objects unloaded after import = 3

Editor requested this worker to shutdown with reason: Scaling down because of idle timeout
AssetImportWorker is now disconnected from the server
Process exiting
Exiting without the bug reporter. Application will terminate with return code 0